[2024-11-14 14:13:59,913] 25 root - INFO - Data Ingestion Started...!
[2024-11-14 14:13:59,993] 28 root - INFO - Reading my dataFrame
[2024-11-14 14:14:00,235] 35 root - INFO - I have saved the raw dataset in the artifacts folder
[2024-11-14 14:14:00,235] 37 root - INFO - Here, I have performed train test split
[2024-11-14 14:14:00,253] 39 root - INFO - train test split completed
[2024-11-14 14:14:00,483] 44 root - INFO - data ingestion part completed
[2024-11-14 14:14:00,599] 77 root - INFO - Read train and test data complete
[2024-11-14 14:14:00,612] 78 root - INFO - Train Dataframe Head:
   Unnamed: 0  carat      cut color clarity  depth  table     x     y     z  price
0       14559   0.51    Ideal     G     VS1   61.9   56.0  5.14  5.10  3.17   1781
1       19136   0.64     Fair     F     VS2   57.0   62.5  5.67  5.78  3.26   2063
2       23459   2.66     Good     H     SI2   63.8   57.0  8.71  8.65  5.54  16239
3       11470   0.31    Ideal     F      IF   61.0   56.0  4.39  4.43  2.69    914
4       25875   0.33  Premium     G     VS2   59.4   61.0  4.53  4.49  2.68    743
[2024-11-14 14:14:00,624] 79 root - INFO - Test Dataframe Head:
   Unnamed: 0  carat        cut color clarity  depth  table     x     y     z  price
0       18644   0.92  Very Good     D     SI1   62.9   56.0  6.18  6.22  3.90   4676
1       24022   1.12    Premium     I     SI1   60.6   60.0  6.77  6.73  4.09   4390
2         818   1.01  Very Good     D     VS2   63.1   58.0  6.34  6.38  4.01   7448
3        7852   0.55      Ideal     D     VS2   60.2   56.0  5.33  5.38  3.22   2459
4        3406   1.51    Premium     I     SI1   58.6   62.0  7.51  7.45  4.38   8574
[2024-11-14 14:14:00,624] 31 root - INFO - Data Transformation Initiated...!
[2024-11-14 14:14:00,624] 41 root - INFO - Pipeline initiated
[2024-11-14 14:14:00,743] 95 root - INFO - Applying preprocessing object on training and testing datasets.
[2024-11-14 14:14:00,748] 105 root - INFO - Preprocessing pickle file saved
[2024-11-14 14:14:00,750] 29 root - INFO - Splitting Dependent and Independent Variable
[2024-11-14 14:14:01,511] 47 root - INFO - Model Report : {'LinearRegression': 0.9088421177103336, 'Lasso': 0.9088334294721324, 'Ridge': 0.9088419677157653, 'ElasticNet': 0.8435595033349496}
[2024-11-14 14:14:01,514] 60 root - INFO - Best Model Found, Model Name : LinearRegression()
[2024-11-14 14:14:01,517] 19 root - INFO - Evaluation started...!!
[2024-11-14 14:14:01,539] 37 root - INFO - madel has been registered-----
[2024-11-14 14:14:02,057] 25 root - INFO - all evaluation metrices are captured....!!
[2024-11-14 14:14:11,896] 58 root - INFO - Evaluation complete...!!
