[2024-11-12 11:12:37,300] 25 root - INFO - Data Ingestion Started...!
[2024-11-12 11:12:37,370] 28 root - INFO - Reading my dataFrame
[2024-11-12 11:12:37,786] 35 root - INFO - I have saved the raw dataset in the artifacts folder
[2024-11-12 11:12:37,786] 37 root - INFO - Here, I have performed train test split
[2024-11-12 11:12:37,804] 39 root - INFO - train test split completed
[2024-11-12 11:12:38,070] 44 root - INFO - data ingestion part completed
[2024-11-12 11:12:38,270] 77 root - INFO - Read train and test data complete
[2024-11-12 11:12:38,290] 78 root - INFO - Train Dataframe Head:
   Unnamed: 0  carat        cut color clarity  depth  table     x     y     z  price
0        3419   0.54      Ideal     F     VS2   64.2   54.0  5.19  5.12  3.31   1837
1        7791   0.60    Premium     E     SI1   61.9   58.0  5.43  5.39  3.35   1830
2       12950   0.31      Ideal     J    VVS1   62.4   54.0  4.32  4.35  2.70    461
3        1010   1.23  Very Good     F    VVS2   62.4   58.0  6.74  6.89  4.26  10835
4       26025   1.00       Fair     G     SI1   64.4   57.0  6.32  6.28  4.06   4295
[2024-11-12 11:12:38,304] 79 root - INFO - Test Dataframe Head:
   Unnamed: 0  carat      cut color clarity  depth  table     x     y     z  price
0       21346   1.17  Premium     F     SI2   59.6   60.0  6.88  6.85  4.09   4324
1         359   0.91  Premium     H     VS2   60.6   58.0  6.30  6.25  3.80   4293
2        1838   0.74    Ideal     I     VS1   60.7   55.0  5.84  5.88  3.56   2609
3       17551   0.32    Ideal     G     VS2   61.8   57.0  4.37  4.40  2.71    561
4        2527   2.03    Ideal     F     SI2   61.4   58.0  8.12  8.16  5.00  18535
[2024-11-12 11:12:38,304] 31 root - INFO - Data Transformation Initiated...!
[2024-11-12 11:12:38,305] 41 root - INFO - Pipeline initiated
[2024-11-12 11:12:38,467] 95 root - INFO - Applying preprocessing object on training and testing datasets.
[2024-11-12 11:12:38,473] 105 root - INFO - Preprocessing pickle file saved
[2024-11-12 11:12:38,475] 29 root - INFO - Splitting Dependent and Independent Variable
[2024-11-12 11:12:38,905] 47 root - INFO - Model Report : {'LinearRegression': 0.9069710782247086, 'Lasso': 0.9069631693312511, 'Ridge': 0.9069709583212376, 'ElasticNet': 0.8401513754557396}
[2024-11-12 11:12:38,908] 60 root - INFO - Best Model Found, Model Name : LinearRegression()
