[2024-11-14 13:21:12,556] 25 root - INFO - Data Ingestion Started...!
[2024-11-14 13:21:12,608] 28 root - INFO - Reading my dataFrame
[2024-11-14 13:21:12,837] 35 root - INFO - I have saved the raw dataset in the artifacts folder
[2024-11-14 13:21:12,837] 37 root - INFO - Here, I have performed train test split
[2024-11-14 13:21:12,844] 39 root - INFO - train test split completed
[2024-11-14 13:21:13,073] 44 root - INFO - data ingestion part completed
[2024-11-14 13:21:13,157] 77 root - INFO - Read train and test data complete
[2024-11-14 13:21:13,167] 78 root - INFO - Train Dataframe Head:
   Unnamed: 0  carat        cut color clarity  depth  table     x     y     z  price
0       14341   0.57  Very Good     I     VS2   62.2   55.0  5.33  5.34  3.32   1267
1       12598   0.36    Premium     E     SI1   62.2   59.0  4.53  4.57  2.83    589
2       17956   0.43       Good     F     SI1    NaN   53.0  4.79  4.83  3.06    739
3        5550   0.56      Ideal     D     VS2   61.2   56.0  5.30  5.35  3.26   1963
4       20389   0.30      Ideal     D    VVS2   61.7   57.0  4.33  4.36  2.68    814
[2024-11-14 13:21:13,172] 79 root - INFO - Test Dataframe Head:
   Unnamed: 0  carat        cut color clarity  depth  table     x     y     z  price
0       14022   1.01       Fair     E     SI1   64.7   59.0  6.23  6.11  3.99   4181
1       20430   0.41       Good     J      IF   63.5   54.0  4.70  4.75  3.00    827
2       18662   1.57  Very Good     H     SI1   62.4   58.0  7.39  7.49  4.64  12392
3       16787   0.72      Ideal     E     SI2   61.8   55.0  5.77  5.75  3.56   2308
4       21631   1.14    Premium     G     SI2   62.8   58.0  6.68  6.64  4.18   4233
[2024-11-14 13:21:13,172] 31 root - INFO - Data Transformation Initiated...!
[2024-11-14 13:21:13,172] 41 root - INFO - Pipeline initiated
[2024-11-14 13:21:13,289] 95 root - INFO - Applying preprocessing object on training and testing datasets.
[2024-11-14 13:21:13,295] 105 root - INFO - Preprocessing pickle file saved
[2024-11-14 13:21:13,300] 29 root - INFO - Splitting Dependent and Independent Variable
[2024-11-14 13:21:13,681] 47 root - INFO - Model Report : {'LinearRegression': 0.9078603957209567, 'Lasso': 0.9078515050829183, 'Ridge': 0.9078602608559414, 'ElasticNet': 0.8400817778527887}
[2024-11-14 13:21:13,684] 60 root - INFO - Best Model Found, Model Name : LinearRegression()
[2024-11-14 13:21:13,686] 19 root - INFO - Evaluation started...!!
[2024-11-14 13:21:13,700] 37 root - INFO - madel has been registered-----
[2024-11-14 13:21:14,207] 25 root - INFO - all evaluation metrices are captured....!!
[2024-11-14 13:21:23,376] 58 root - INFO - Evaluation complete...!!
