[2024-11-14 13:08:09,274] 25 root - INFO - Data Ingestion Started...!
[2024-11-14 13:08:09,340] 28 root - INFO - Reading my dataFrame
[2024-11-14 13:08:09,613] 35 root - INFO - I have saved the raw dataset in the artifacts folder
[2024-11-14 13:08:09,613] 37 root - INFO - Here, I have performed train test split
[2024-11-14 13:08:09,626] 39 root - INFO - train test split completed
[2024-11-14 13:08:09,898] 44 root - INFO - data ingestion part completed
[2024-11-14 13:08:10,041] 77 root - INFO - Read train and test data complete
[2024-11-14 13:08:10,059] 78 root - INFO - Train Dataframe Head:
   Unnamed: 0  carat        cut color clarity  depth  table     x     y     z  price
0       21474   0.44    Premium     I     VS1   62.8   56.0  4.88  4.83  3.05   1040
1        7628   0.42      Ideal     G    VVS1   60.6   56.0  4.86  4.88  2.95   1179
2       16280   0.50  Very Good     H     SI1   60.9   61.0  5.06  5.15  3.11   1133
3        4399   1.25    Premium     I     SI1   62.5   59.0  6.89  6.81  4.28   5250
4        5558   0.38      Ideal     D     SI2   62.0   53.0  4.68  4.71  2.91    599
[2024-11-14 13:08:10,071] 79 root - INFO - Test Dataframe Head:
   Unnamed: 0  carat    cut color clarity  depth  table     x     y     z  price
0        6755   0.41  Ideal     F     VS2   62.6   57.0  4.79  4.76  2.99   1107
1         273   0.41  Ideal     H    VVS2   62.0   56.0  4.74  4.78  2.95    899
2       10626   0.23  Ideal     F    VVS2   61.6   54.0  3.97  3.99  2.45    650
3       20429   2.00   Good     I     VS1   58.8   65.0  8.03  8.10  4.74  15708
4       13031   0.30  Ideal     E     VS2   61.8   57.0  4.28  4.30  2.65    603
[2024-11-14 13:08:10,072] 31 root - INFO - Data Transformation Initiated...!
[2024-11-14 13:08:10,072] 41 root - INFO - Pipeline initiated
[2024-11-14 13:08:10,256] 95 root - INFO - Applying preprocessing object on training and testing datasets.
[2024-11-14 13:08:10,262] 105 root - INFO - Preprocessing pickle file saved
[2024-11-14 13:08:10,270] 29 root - INFO - Splitting Dependent and Independent Variable
[2024-11-14 13:08:10,778] 47 root - INFO - Model Report : {'LinearRegression': 0.9057198884174641, 'Lasso': 0.9057113260008166, 'Ridge': 0.9057197694870058, 'ElasticNet': 0.8388812670683763}
[2024-11-14 13:08:10,781] 60 root - INFO - Best Model Found, Model Name : LinearRegression()
[2024-11-14 13:08:10,786] 19 root - INFO - Evaluation started...!!
[2024-11-14 13:08:10,814] 37 root - INFO - madel has been registered-----
[2024-11-14 13:08:11,857] 25 root - INFO - all evaluation metrices are captured....!!
