[2024-11-14 14:14:39,679] 25 root - INFO - Data Ingestion Started...!
[2024-11-14 14:14:39,726] 28 root - INFO - Reading my dataFrame
[2024-11-14 14:14:39,973] 35 root - INFO - I have saved the raw dataset in the artifacts folder
[2024-11-14 14:14:39,973] 37 root - INFO - Here, I have performed train test split
[2024-11-14 14:14:39,983] 39 root - INFO - train test split completed
[2024-11-14 14:14:40,208] 44 root - INFO - data ingestion part completed
[2024-11-14 14:14:40,297] 77 root - INFO - Read train and test data complete
[2024-11-14 14:14:40,305] 78 root - INFO - Train Dataframe Head:
   Unnamed: 0  carat        cut color clarity  depth  table     x     y     z  price
0        7440   0.57  Very Good     H    VVS2   62.2   56.0  5.32  5.35  3.31   1726
1       21033   2.02    Premium     J     SI2   62.7   60.0  7.98  8.10  5.04  11463
2        3675   0.57      Ideal     I      IF   61.0   55.0  5.38  5.41  3.29   1779
3       25609   1.00       Good     F     SI1   63.7   58.0  6.29  6.34  4.02   4158
4       18793   0.30      Ideal     G     VS1   62.6   57.0  4.29  4.27  2.68    776
[2024-11-14 14:14:40,313] 79 root - INFO - Test Dataframe Head:
   Unnamed: 0  carat    cut color clarity  depth  table     x     y     z  price
0       20938   0.33  Ideal     H      IF   61.4   54.0  4.47  4.49  2.75    838
1       21699   0.90   Good     I     VS2   62.4   65.0  6.09  6.12  3.81   3162
2       11878   1.70  Ideal     H     VS2   62.2   57.0  7.63  7.67  4.76  13632
3       16434   0.35  Ideal     F     VS2   62.4   57.0  4.50  4.51  2.81    706
4        7566   1.54  Ideal     J     VS1   62.2   59.0  7.34  7.38  4.58   8848
[2024-11-14 14:14:40,313] 31 root - INFO - Data Transformation Initiated...!
[2024-11-14 14:14:40,313] 41 root - INFO - Pipeline initiated
[2024-11-14 14:14:40,436] 95 root - INFO - Applying preprocessing object on training and testing datasets.
[2024-11-14 14:14:40,440] 105 root - INFO - Preprocessing pickle file saved
[2024-11-14 14:14:40,443] 29 root - INFO - Splitting Dependent and Independent Variable
[2024-11-14 14:14:40,792] 47 root - INFO - Model Report : {'LinearRegression': 0.9088885921959414, 'Lasso': 0.9088808877349117, 'Ridge': 0.9088884458001533, 'ElasticNet': 0.8442198391057756}
[2024-11-14 14:14:40,796] 60 root - INFO - Best Model Found, Model Name : LinearRegression()
