[2024-11-11 22:24:49,959] 25 root - INFO - Data Ingestion Started...!
[2024-11-11 22:24:50,029] 28 root - INFO - Reading my dataFrame
[2024-11-11 22:24:50,314] 35 root - INFO - I have saved the raw dataset in the artifacts folder
[2024-11-11 22:24:50,315] 37 root - INFO - Here, I have performed train test split
[2024-11-11 22:24:50,324] 39 root - INFO - train test split completed
[2024-11-11 22:24:51,272] 44 root - INFO - data ingestion part completed
[2024-11-11 22:24:51,391] 77 root - INFO - Read train and test data complete
[2024-11-11 22:24:51,402] 78 root - INFO - Train Dataframe Head:
   Unnamed: 0  carat        cut color clarity  depth  table     x     y     z  price
0        4840   0.53      Ideal     D     VS2   60.9   57.0  5.24  5.17  3.17   1877
1        7248   0.78  Very Good     F     SI2   58.3   62.0  6.04  6.11  3.54   2477
2         521   0.31  Very Good     F     VS2   63.4   56.0  4.34  4.31  2.74    802
3       23688   0.71      Ideal     I     VS2    NaN   57.0  5.72  5.64  3.53   2270
4       11562   1.00    Premium     H     SI2   62.8   60.0  6.46  6.34  4.02   3080
[2024-11-11 22:24:51,410] 79 root - INFO - Test Dataframe Head:
   Unnamed: 0  carat        cut color clarity  depth  table     x     y     z  price
0        4840   0.53      Ideal     D     VS2   60.9   57.0  5.24  5.17  3.17   1877
1        7248   0.78  Very Good     F     SI2   58.3   62.0  6.04  6.11  3.54   2477
2         521   0.31  Very Good     F     VS2   63.4   56.0  4.34  4.31  2.74    802
3       23688   0.71      Ideal     I     VS2    NaN   57.0  5.72  5.64  3.53   2270
4       11562   1.00    Premium     H     SI2   62.8   60.0  6.46  6.34  4.02   3080
[2024-11-11 22:24:51,410] 31 root - INFO - Data Transformation Initiated...!
[2024-11-11 22:24:51,410] 41 root - INFO - Pipeline initiated
[2024-11-11 22:24:51,543] 95 root - INFO - Applying preprocessing object on training and testing datasets.
[2024-11-11 22:24:51,548] 105 root - INFO - Preprocessing pickle file saved
[2024-11-11 22:24:51,551] 29 root - INFO - Splitting Dependent and Independent Variable
[2024-11-11 22:24:53,516] 47 root - INFO - Model Report : {'LinearRegression': 0.9095653436661246, 'Lasso': 0.9094703641867413, 'Ridge': 0.9095643663683893, 'ElasticNet': 0.8453744987766545}
[2024-11-11 22:24:53,519] 60 root - INFO - Best Model Found, Model Name : LinearRegression()
